c:\users\15845\source\repos\zelda\zelda\debug\vc141.pdb
c:\users\15845\source\repos\zelda\zelda\debug\vc141.idb
c:\users\15845\source\repos\zelda\zelda\debug\weapon.obj
c:\users\15845\source\repos\zelda\zelda\debug\treasure.obj
c:\users\15845\source\repos\zelda\zelda\debug\sunmain.obj
c:\users\15845\source\repos\zelda\zelda\debug\room.obj
c:\users\15845\source\repos\zelda\zelda\debug\princess.obj
c:\users\15845\source\repos\zelda\zelda\debug\player.obj
c:\users\15845\source\repos\zelda\zelda\debug\monster.obj
c:\users\15845\source\repos\zelda\zelda\debug\main.obj
c:\users\15845\source\repos\zelda\zelda\debug\item.obj
c:\users\15845\source\repos\zelda\zelda\debug\helper.obj
c:\users\15845\source\repos\zelda\zelda\debug\game.obj
c:\users\15845\source\repos\zelda\zelda\debug\castle.obj
c:\users\15845\source\repos\zelda\zelda\debug\dowload.obj
c:\users\15845\source\repos\zelda\zelda\debug\vcpkg.applocal.log
c:\users\15845\source\repos\zelda\debug\zelda.pdb
c:\users\15845\source\repos\zelda\zelda\debug\zelda.tlog\cl.command.1.tlog
c:\users\15845\source\repos\zelda\zelda\debug\zelda.tlog\cl.read.1.tlog
c:\users\15845\source\repos\zelda\zelda\debug\zelda.tlog\cl.write.1.tlog
c:\users\15845\source\repos\zelda\zelda\debug\zelda.tlog\link.44804.read.1.tlog
c:\users\15845\source\repos\zelda\zelda\debug\zelda.tlog\link.44804.write.1.tlog
c:\users\15845\source\repos\zelda\zelda\debug\zelda.tlog\link.command.1.tlog
c:\users\15845\source\repos\zelda\zelda\debug\zelda.tlog\link.read.1.tlog
c:\users\15845\source\repos\zelda\zelda\debug\zelda.tlog\link.write.1.tlog
c:\users\15845\source\repos\zelda\zelda\debug\zelda.tlog\zelda.write.1u.tlog
